<?xml version="1.0" encoding="UTF-8"?>
<!-- Generated by org.testng.reporters.JUnitReportReporter -->
<testsuite hostname="f3191f1a039a574" failures="0" tests="2" name="systemTests.RegistrationScreen" time="14.882" errors="0" timestamp="2024-05-15T21:01:16 IST" skipped="0">
  <testcase classname="systemTests.RegistrationScreen" name="newUserRegistration" time="14.710"/>
  <system-out/>
  <testcase classname="systemTests.RegistrationScreen" name="root" time="0.172"/>
  <system-out/>
</testsuite> <!-- systemTests.RegistrationScreen -->
