<?xml version="1.0" encoding="UTF-8"?>
<!-- Generated by org.testng.reporters.JUnitReportReporter -->
<testsuite hostname="f3191f1a039a574" failures="0" tests="2" name="testNGTestcase.Sample1" time="0.013" errors="0" timestamp="2024-05-03T14:59:27 IST" skipped="0">
  <testcase classname="testNGTestcase.Sample1" name="aTest" time="0.010"/>
  <system-out/>
  <testcase classname="testNGTestcase.Sample1" name="cTest" time="0.003"/>
  <system-out/>
</testsuite> <!-- testNGTestcase.Sample1 -->
