<?xml version="1.0" encoding="UTF-8"?>
<!-- Generated by org.testng.reporters.JUnitReportReporter -->
<testsuite hostname="f3191f1a039a574" failures="0" tests="4" name="systemTests.SearchItems" time="7.506" errors="0" timestamp="2024-05-07T22:09:48 IST" skipped="0">
  <testcase classname="systemTests.SearchItems" name="clickLens" time="0.251"/>
  <system-out/>
  <testcase classname="systemTests.SearchItems" name="checkSearchBoxIsPresent" time="5.499"/>
  <system-out/>
  <testcase classname="systemTests.SearchItems" name="enterSearchWord" time="0.559"/>
  <system-out/>
  <testcase classname="systemTests.SearchItems" name="checkSearchResults" time="1.197"/>
  <system-out/>
</testsuite> <!-- systemTests.SearchItems -->
