<?xml version="1.0" encoding="UTF-8"?>
<!-- Generated by org.testng.reporters.JUnitReportReporter -->
<testsuite hostname="f3191f1a039a574" failures="0" tests="3" name="testNGTestcase.Sample1Test" time="0.007" errors="0" timestamp="2024-05-03T14:59:27 IST" skipped="0">
  <testcase classname="testNGTestcase.Sample1Test" name="eTest" time="0.001"/>
  <system-out/>
  <testcase classname="testNGTestcase.Sample1Test" name="fTest" time="0.001"/>
  <system-out/>
  <testcase classname="testNGTestcase.Sample1Test" name="dTest" time="0.005"/>
  <system-out/>
</testsuite> <!-- testNGTestcase.Sample1Test -->
