<?xml version="1.0" encoding="UTF-8"?>
<!-- Generated by org.testng.reporters.JUnitReportReporter -->
<testsuite hostname="f3191f1a039a574" failures="0" tests="4" name="systemTests.LoginScreen" time="17.274" errors="0" timestamp="2024-05-15T16:09:05 IST" skipped="0">
  <testcase classname="systemTests.LoginScreen" name="verifyInvalidLogin_InvalidUserName" time="4.712"/>
  <system-out/>
  <testcase classname="systemTests.LoginScreen" name="verifyInvalidLogin_InvalidUserPassword" time="4.452"/>
  <system-out/>
  <testcase classname="systemTests.LoginScreen" name="abilityToLoginSuccessfully" time="8.003"/>
  <system-out/>
  <testcase classname="systemTests.LoginScreen" name="dummy" time="0.107"/>
  <system-out/>
</testsuite> <!-- systemTests.LoginScreen -->
